<?xml version="1.0" encoding="UTF-8"?>
<testng-results ignored="0" total="1" passed="1" failed="0" skipped="0">
  <reporter-output>
  </reporter-output>
  <suite started-at="2025-04-02T11:41:37 IST" name="Default suite" finished-at="2025-04-03T15:50:50 IST" duration-ms="101352631">
    <groups>
    </groups>
    <test started-at="2025-04-02T11:41:37 IST" name="Default test" finished-at="2025-04-03T15:50:50 IST" duration-ms="101352631">
      <class name="practice.ExtentReportTest">
        <test-method signature="createContactTest()[pri:0, instance:practice.ExtentReportTest@57db2b13]" started-at="2025-04-02T11:41:37 IST" name="createContactTest" finished-at="2025-04-03T15:50:50 IST" duration-ms="101352554" status="PASS">
          <reporter-output>
          </reporter-output>
        </test-method> <!-- createContactTest -->
      </class> <!-- practice.ExtentReportTest -->
    </test> <!-- Default test -->
  </suite> <!-- Default suite -->
</testng-results>
